
> ai-agency-site@0.1.0 build
> next build

   ▲ Next.js 15.1.0
   - Environments: .env.local

   Creating an optimized production build ...

[1m[33mwarn[39m[22m - The class `delay-[450ms]` is ambiguous and matches multiple utilities.
[1m[33mwarn[39m[22m - If this is content and not a class, replace it with `delay-&lsqb;450ms&rsqb;` to silence this warning.

[1m[33mwarn[39m[22m - The class `delay-[550ms]` is ambiguous and matches multiple utilities.
[1m[33mwarn[39m[22m - If this is content and not a class, replace it with `delay-&lsqb;550ms&rsqb;` to silence this warning.

[1m[33mwarn[39m[22m - The class `delay-[600ms]` is ambiguous and matches multiple utilities.
[1m[33mwarn[39m[22m - If this is content and not a class, replace it with `delay-&lsqb;600ms&rsqb;` to silence this warning.

[1m[33mwarn[39m[22m - The class `delay-[650ms]` is ambiguous and matches multiple utilities.
[1m[33mwarn[39m[22m - If this is content and not a class, replace it with `delay-&lsqb;650ms&rsqb;` to silence this warning.

[1m[33mwarn[39m[22m - The class `delay-[750ms]` is ambiguous and matches multiple utilities.
[1m[33mwarn[39m[22m - If this is content and not a class, replace it with `delay-&lsqb;750ms&rsqb;` to silence this warning.
 ✓ Compiled successfully
   Linting and checking validity of types ...
Failed to compile.

./src/app/(dashboard)/crm/page.tsx:54:68
Type error: Type '{ initialClients: any[]; currentUserRole: any; }' is not assignable to type 'IntrinsicAttributes & { initialClients: Client[]; }'.
  Property 'currentUserRole' does not exist on type 'IntrinsicAttributes & { initialClients: Client[]; }'.

[0m [90m 52 |[39m[0m
[0m [90m 53 |[39m             [33m<[39m[33mdiv[39m className[33m=[39m[32m"flex-1 mt-6"[39m[33m>[39m[0m
[0m[31m[1m>[22m[39m[90m 54 |[39m                 [33m<[39m[33mKanbanBoardWrapper[39m initialClients[33m=[39m{clients [33m||[39m []} currentUserRole[33m=[39m{userData[33m?[39m[33m.[39mrole} [33m/[39m[33m>[39m[0m
[0m [90m    |[39m                                                                    [31m[1m^[22m[39m[0m
[0m [90m 55 |[39m             [33m<[39m[33m/[39m[33mdiv[39m[33m>[39m[0m
[0m [90m 56 |[39m[0m
[0m [90m 57 |[39m             {params[33m?[39m[33m.[39m[36mnew[39m [33m===[39m [32m'true'[39m [33m&&[39m [33m<[39m[33mLeadModal[39m [33m/[39m[33m>[39m}[0m
